<?xml version="1.0" encoding="UTF-8"?>
<testsuites>
  <testsuite name="Tests\Feature\Api\V1\Auth\RegisterTest" file="D:\PROJECT\juara-league\juara-league-api\tests\Feature\Api\V1\Auth\RegisterTest.php" tests="1" assertions="1" errors="0" failures="1" skipped="0" time="0.475340">
    <testcase name="test_it_can_register_a_user_successfully" file="D:\PROJECT\juara-league\juara-league-api\tests\Feature\Api\V1\Auth\RegisterTest.php" line="16" class="Tests\Feature\Api\V1\Auth\RegisterTest" classname="Tests.Feature.Api.V1.Auth.RegisterTest" assertions="1" time="0.475340">
      <failure type="PHPUnit\Framework\ExpectationFailedException">Tests\Feature\Api\V1\Auth\RegisterTest::test_it_can_register_a_user_successfully&#13;
Expected response status code [201] but received 404.
Failed asserting that 404 is identical to 201.
&#13;
D:\PROJECT\juara-league\juara-league-api\vendor\laravel\framework\src\Illuminate\Testing\TestResponseAssert.php:45
D:\PROJECT\juara-league\juara-league-api\vendor\laravel\framework\src\Illuminate\Testing\TestResponse.php:176
D:\PROJECT\juara-league\juara-league-api\tests\Feature\Api\V1\Auth\RegisterTest.php:25</failure>
    </testcase>
  </testsuite>
</testsuites>
